#
# There is insufficient memory for the Java Runtime Environment to continue.
# Native memory allocation (malloc) failed to allocate 32744 bytes for ChunkPool::allocate
# Possible reasons:
#   The system is out of physical RAM or swap space
#   The process is running with CompressedOops enabled, and the Java Heap may be blocking the growth of the native heap
# Possible solutions:
#   Reduce memory load on the system
#   Increase physical memory or swap space
#   Check if swap backing store is full
#   Decrease Java heap size (-Xmx/-Xms)
#   Decrease number of Java threads
#   Decrease Java thread stack sizes (-Xss)
#   Set larger code cache with -XX:ReservedCodeCacheSize=
#   JVM is running with Unscaled Compressed Oops mode in which the Java heap is
#     placed in the first 4GB address space. The Java Heap base address is the
#     maximum limit for the native heap growth. Please use -XX:HeapBaseMinAddress
#     to set the Java Heap base and to place the Java Heap above 4GB virtual address.
# This output file may be truncated or incomplete.
#
#  Out of Memory Error (allocation.cpp:272), pid=3488, tid=0x0000000000001540
#
# JRE version: OpenJDK Runtime Environment (8.0_202-b03) (build 1.8.0_202-release-1483-b03)
# Java VM: OpenJDK 64-Bit Server VM (25.202-b03 mixed mode windows-amd64 compressed oops)
# Failed to write core dump. Minidumps are not enabled by default on client versions of Windows
#

---------------  T H R E A D  ---------------

Current thread (0x00000000169fc000):  JavaThread "C2 CompilerThread0" daemon [_thread_in_native, id=5440, stack(0x0000000018050000,0x0000000018150000)]

Stack: [0x0000000018050000,0x0000000018150000]
[error occurred during error reporting (printing stack bounds), id 0xc0000005]

Native frames: (J=compiled Java code, j=interpreted, Vv=VM code, C=native code)


Current CompileTask:
C2:  20710 5035       4       org.jetbrains.kotlin.load.java.structure.impl.classFiles.BinaryJavaMethodBase$Companion::create (492 bytes)


---------------  P R O C E S S  ---------------

Java Threads: ( => current thread )
  0x0000000018262800 JavaThread "Service Thread" daemon [_thread_blocked, id=6676, stack(0x0000000018750000,0x0000000018850000)]
  0x0000000016a4c000 JavaThread "C1 CompilerThread2" daemon [_thread_blocked, id=1920, stack(0x0000000018650000,0x0000000018750000)]
  0x00000000169ff800 JavaThread "C2 CompilerThread1" daemon [_thread_in_native, id=6316, stack(0x0000000018150000,0x0000000018250000)]
=>0x00000000169fc000 JavaThread "C2 CompilerThread0" daemon [_thread_in_native, id=5440, stack(0x0000000018050000,0x0000000018150000)]
  0x00000000169fb000 JavaThread "Attach Listener" daemon [_thread_blocked, id=4296, stack(0x0000000017f50000,0x0000000018050000)]
  0x00000000169f9800 JavaThread "Signal Dispatcher" daemon [_thread_blocked, id=4700, stack(0x0000000017e50000,0x0000000017f50000)]
  0x000000000337b800 JavaThread "Finalizer" daemon [_thread_blocked, id=5728, stack(0x0000000017c50000,0x0000000017d50000)]
  0x0000000003376800 JavaThread "Reference Handler" daemon [_thread_blocked, id=6812, stack(0x0000000017b50000,0x0000000017c50000)]
  0x0000000003287800 JavaThread "main" [_thread_in_Java, id=388, stack(0x0000000003180000,0x0000000003280000)]

Other Threads:
  0x00000000169b5800 VMThread [stack: 0x0000000017a50000,0x0000000017b50000] [id=3648]
  0x0000000018264800 WatcherThread [stack: 0x0000000018850000,0x0000000018950000] [id=5284]

VM state:not at safepoint (normal execution)

VM Mutex/Monitor currently owned by a thread: None

heap address: 0x00000000a5400000, size: 1452 MB, Compressed Oops mode: 32-bit
Narrow klass base: 0x0000000000000000, Narrow klass shift: 3
Compressed class space size: 1073741824 Address: 0x0000000100000000

Heap:
 PSYoungGen      total 68608K, used 56480K [0x00000000e1c00000, 0x00000000e7f80000, 0x0000000100000000)
  eden space 54272K, 84% used [0x00000000e1c00000,0x00000000e488ad50,0x00000000e5100000)
  from space 14336K, 75% used [0x00000000e5100000,0x00000000e5b9d3e0,0x00000000e5f00000)
  to   space 14848K, 0% used [0x00000000e7100000,0x00000000e7100000,0x00000000e7f80000)
 ParOldGen       total 73216K, used 15576K [0x00000000a5400000, 0x00000000a9b80000, 0x00000000e1c00000)
  object space 73216K, 21% used [0x00000000a5400000,0x00000000a6336388,0x00000000a9b80000)
 Metaspace       used 42184K, capacity 42891K, committed 43312K, reserved 1087488K
  class space    used 5134K, capacity 5310K, committed 5424K, reserved 1048576K

Card table byte_map: [0x0000000012740000,0x0000000012a20000] byte_map_base: 0x0000000012216000

Marking Bits: (ParMarkBitMap*) 0x0000000072729f30
 Begin Bits: [0x0000000013010000, 0x00000000146c0000)
 End Bits:   [0x00000000146c0000, 0x0000000015d70000)

Polling page: 0x0000000001690000

CodeCache: size=245760Kb used=15233Kb max_used=15233Kb free=230526Kb
 bounds [0x0000000003380000, 0x0000000004270000, 0x0000000012380000]
 total_blobs=5250 nmethods=4796 adapters=368
 compilation: enabled

Compilation events (10 events):
Event: 20.451 Thread 0x0000000016a4c000 5079       3       java.lang.invoke.LambdaForm::signatureArity (28 bytes)
Event: 20.452 Thread 0x0000000016a4c000 nmethod 5079 0x000000000424b390 code [0x000000000424b500, 0x000000000424b7e8]
Event: 20.458 Thread 0x0000000016a4c000 5081       1       org.jetbrains.kotlin.load.kotlin.JvmDescriptorTypeWriter::getJvmCurrentType (5 bytes)
Event: 20.459 Thread 0x0000000016a4c000 nmethod 5081 0x000000000424b0d0 code [0x000000000424b220, 0x000000000424b330]
Event: 20.634 Thread 0x0000000016a4c000 5082       3       kotlin.collections.CollectionsKt___CollectionsKt::zip (148 bytes)
Event: 20.637 Thread 0x0000000016a4c000 nmethod 5082 0x0000000004262e50 code [0x0000000004263180, 0x0000000004264a78]
Event: 20.637 Thread 0x0000000016a4c000 5083       3       org.jetbrains.kotlin.types.checker.ClassicTypeSystemContext$DefaultImpls::isNullableType (93 bytes)
Event: 20.640 Thread 0x0000000016a4c000 nmethod 5083 0x0000000004265a90 code [0x0000000004265d40, 0x0000000004267068]
Event: 20.642 Thread 0x0000000016a4c000 5084       3       org.jetbrains.kotlin.load.java.components.JavaAnnotationMapper::mapOrResolveJavaAnnotation (185 bytes)
Event: 20.650 Thread 0x0000000016a4c000 nmethod 5084 0x00000000042679d0 code [0x0000000004268080, 0x000000000426b698]

GC Heap History (10 events):
Event: 12.737 GC heap before
{Heap before GC invocations=7 (full 1):
 PSYoungGen      total 27648K, used 27618K [0x00000000e1c00000, 0x00000000e5300000, 0x0000000100000000)
  eden space 24064K, 100% used [0x00000000e1c00000,0x00000000e3380000,0x00000000e3380000)
  from space 3584K, 99% used [0x00000000e3380000,0x00000000e36f8918,0x00000000e3700000)
  to   space 9728K, 0% used [0x00000000e4980000,0x00000000e4980000,0x00000000e5300000)
 ParOldGen       total 50688K, used 10616K [0x00000000a5400000, 0x00000000a8580000, 0x00000000e1c00000)
  object space 50688K, 20% used [0x00000000a5400000,0x00000000a5e5e3e0,0x00000000a8580000)
 Metaspace       used 26817K, capacity 27311K, committed 27696K, reserved 1073152K
  class space    used 3183K, capacity 3343K, committed 3376K, reserved 1048576K
Event: 12.751 GC heap after
Heap after GC invocations=7 (full 1):
 PSYoungGen      total 45056K, used 9722K [0x00000000e1c00000, 0x00000000e5500000, 0x0000000100000000)
  eden space 35328K, 0% used [0x00000000e1c00000,0x00000000e1c00000,0x00000000e3e80000)
  from space 9728K, 99% used [0x00000000e4980000,0x00000000e52fea30,0x00000000e5300000)
  to   space 11264K, 0% used [0x00000000e3e80000,0x00000000e3e80000,0x00000000e4980000)
 ParOldGen       total 50688K, used 11007K [0x00000000a5400000, 0x00000000a8580000, 0x00000000e1c00000)
  object space 50688K, 21% used [0x00000000a5400000,0x00000000a5ebfe20,0x00000000a8580000)
 Metaspace       used 26817K, capacity 27311K, committed 27696K, reserved 1073152K
  class space    used 3183K, capacity 3343K, committed 3376K, reserved 1048576K
}
Event: 13.625 GC heap before
{Heap before GC invocations=8 (full 1):
 PSYoungGen      total 45056K, used 45050K [0x00000000e1c00000, 0x00000000e5500000, 0x0000000100000000)
  eden space 35328K, 100% used [0x00000000e1c00000,0x00000000e3e80000,0x00000000e3e80000)
  from space 9728K, 99% used [0x00000000e4980000,0x00000000e52fea30,0x00000000e5300000)
  to   space 11264K, 0% used [0x00000000e3e80000,0x00000000e3e80000,0x00000000e4980000)
 ParOldGen       total 50688K, used 11007K [0x00000000a5400000, 0x00000000a8580000, 0x00000000e1c00000)
  object space 50688K, 21% used [0x00000000a5400000,0x00000000a5ebfe20,0x00000000a8580000)
 Metaspace       used 33257K, capacity 33757K, committed 34224K, reserved 1079296K
  class space    used 4286K, capacity 4439K, committed 4528K, reserved 1048576K
Event: 13.643 GC heap after
Heap after GC invocations=8 (full 1):
 PSYoungGen      total 46592K, used 11252K [0x00000000e1c00000, 0x00000000e6d00000, 0x0000000100000000)
  eden space 35328K, 0% used [0x00000000e1c00000,0x00000000e1c00000,0x00000000e3e80000)
  from space 11264K, 99% used [0x00000000e3e80000,0x00000000e497d108,0x00000000e4980000)
  to   space 14336K, 0% used [0x00000000e5f00000,0x00000000e5f00000,0x00000000e6d00000)
 ParOldGen       total 50688K, used 14521K [0x00000000a5400000, 0x00000000a8580000, 0x00000000e1c00000)
  object space 50688K, 28% used [0x00000000a5400000,0x00000000a622e648,0x00000000a8580000)
 Metaspace       used 33257K, capacity 33757K, committed 34224K, reserved 1079296K
  class space    used 4286K, capacity 4439K, committed 4528K, reserved 1048576K
}
Event: 13.921 GC heap before
{Heap before GC invocations=9 (full 1):
 PSYoungGen      total 46592K, used 17323K [0x00000000e1c00000, 0x00000000e6d00000, 0x0000000100000000)
  eden space 35328K, 17% used [0x00000000e1c00000,0x00000000e21edec0,0x00000000e3e80000)
  from space 11264K, 99% used [0x00000000e3e80000,0x00000000e497d108,0x00000000e4980000)
  to   space 14336K, 0% used [0x00000000e5f00000,0x00000000e5f00000,0x00000000e6d00000)
 ParOldGen       total 50688K, used 14521K [0x00000000a5400000, 0x00000000a8580000, 0x00000000e1c00000)
  object space 50688K, 28% used [0x00000000a5400000,0x00000000a622e648,0x00000000a8580000)
 Metaspace       used 34634K, capacity 35127K, committed 35496K, reserved 1081344K
  class space    used 4398K, capacity 4546K, committed 4656K, reserved 1048576K
Event: 13.936 GC heap after
Heap after GC invocations=9 (full 1):
 PSYoungGen      total 68608K, used 9988K [0x00000000e1c00000, 0x00000000e7100000, 0x0000000100000000)
  eden space 54272K, 0% used [0x00000000e1c00000,0x00000000e1c00000,0x00000000e5100000)
  from space 14336K, 69% used [0x00000000e5f00000,0x00000000e68c1210,0x00000000e6d00000)
  to   space 14336K, 0% used [0x00000000e5100000,0x00000000e5100000,0x00000000e5f00000)
 ParOldGen       total 50688K, used 14529K [0x00000000a5400000, 0x00000000a8580000, 0x00000000e1c00000)
  object space 50688K, 28% used [0x00000000a5400000,0x00000000a6230648,0x00000000a8580000)
 Metaspace       used 34634K, capacity 35127K, committed 35496K, reserved 1081344K
  class space    used 4398K, capacity 4546K, committed 4656K, reserved 1048576K
}
Event: 13.936 GC heap before
{Heap before GC invocations=10 (full 2):
 PSYoungGen      total 68608K, used 9988K [0x00000000e1c00000, 0x00000000e7100000, 0x0000000100000000)
  eden space 54272K, 0% used [0x00000000e1c00000,0x00000000e1c00000,0x00000000e5100000)
  from space 14336K, 69% used [0x00000000e5f00000,0x00000000e68c1210,0x00000000e6d00000)
  to   space 14336K, 0% used [0x00000000e5100000,0x00000000e5100000,0x00000000e5f00000)
 ParOldGen       total 50688K, used 14529K [0x00000000a5400000, 0x00000000a8580000, 0x00000000e1c00000)
  object space 50688K, 28% used [0x00000000a5400000,0x00000000a6230648,0x00000000a8580000)
 Metaspace       used 34634K, capacity 35127K, committed 35496K, reserved 1081344K
  class space    used 4398K, capacity 4546K, committed 4656K, reserved 1048576K
Event: 14.072 GC heap after
Heap after GC invocations=10 (full 2):
 PSYoungGen      total 68608K, used 0K [0x00000000e1c00000, 0x00000000e7100000, 0x0000000100000000)
  eden space 54272K, 0% used [0x00000000e1c00000,0x00000000e1c00000,0x00000000e5100000)
  from space 14336K, 0% used [0x00000000e5f00000,0x00000000e5f00000,0x00000000e6d00000)
  to   space 14336K, 0% used [0x00000000e5100000,0x00000000e5100000,0x00000000e5f00000)
 ParOldGen       total 73216K, used 15568K [0x00000000a5400000, 0x00000000a9b80000, 0x00000000e1c00000)
  object space 73216K, 21% used [0x00000000a5400000,0x00000000a6334388,0x00000000a9b80000)
 Metaspace       used 34634K, capacity 35127K, committed 35496K, reserved 1081344K
  class space    used 4398K, capacity 4546K, committed 4656K, reserved 1048576K
}
Event: 15.959 GC heap before
{Heap before GC invocations=11 (full 2):
 PSYoungGen      total 68608K, used 54272K [0x00000000e1c00000, 0x00000000e7100000, 0x0000000100000000)
  eden space 54272K, 100% used [0x00000000e1c00000,0x00000000e5100000,0x00000000e5100000)
  from space 14336K, 0% used [0x00000000e5f00000,0x00000000e5f00000,0x00000000e6d00000)
  to   space 14336K, 0% used [0x00000000e5100000,0x00000000e5100000,0x00000000e5f00000)
 ParOldGen       total 73216K, used 15568K [0x00000000a5400000, 0x00000000a9b80000, 0x00000000e1c00000)
  object space 73216K, 21% used [0x00000000a5400000,0x00000000a6334388,0x00000000a9b80000)
 Metaspace       used 40010K, capacity 40631K, committed 41136K, reserved 1085440K
  class space    used 5026K, capacity 5202K, committed 5296K, reserved 1048576K
Event: 15.994 GC heap after
Heap after GC invocations=11 (full 2):
 PSYoungGen      total 68608K, used 10868K [0x00000000e1c00000, 0x00000000e7f80000, 0x0000000100000000)
  eden space 54272K, 0% used [0x00000000e1c00000,0x00000000e1c00000,0x00000000e5100000)
  from space 14336K, 75% used [0x00000000e5100000,0x00000000e5b9d3e0,0x00000000e5f00000)
  to   space 14848K, 0% used [0x00000000e7100000,0x00000000e7100000,0x00000000e7f80000)
 ParOldGen       total 73216K, used 15576K [0x00000000a5400000, 0x00000000a9b80000, 0x00000000e1c00000)
  object space 73216K, 21% used [0x00000000a5400000,0x00000000a6336388,0x00000000a9b80000)
 Metaspace       used 40010K, capacity 40631K, committed 41136K, reserved 1085440K
  class space    used 5026K, capacity 5202K, committed 5296K, reserved 1048576K
}

Deoptimization events (10 events):
Event: 17.881 Thread 0x0000000003287800 Uncommon trap: reason=unstable_if action=reinterpret pc=0x0000000003fbf0f4 method=org.jetbrains.org.objectweb.asm.Type.getDescriptor()Ljava/lang/String; @ 35
Event: 18.517 Thread 0x0000000003287800 Uncommon trap: reason=class_check action=maybe_recompile pc=0x0000000003e7560c method=org.jetbrains.kotlin.storage.LockBasedStorageManager$LockBasedLazyValue.invoke()Ljava/lang/Object; @ 24
Event: 18.517 Thread 0x0000000003287800 Uncommon trap: reason=class_check action=maybe_recompile pc=0x0000000003e7560c method=org.jetbrains.kotlin.storage.LockBasedStorageManager$LockBasedLazyValue.invoke()Ljava/lang/Object; @ 24
Event: 18.577 Thread 0x0000000003287800 Uncommon trap: reason=class_check action=maybe_recompile pc=0x0000000003e7560c method=org.jetbrains.kotlin.storage.LockBasedStorageManager$LockBasedLazyValue.invoke()Ljava/lang/Object; @ 24
Event: 18.577 Thread 0x0000000003287800 Uncommon trap: reason=class_check action=maybe_recompile pc=0x0000000003e7560c method=org.jetbrains.kotlin.storage.LockBasedStorageManager$LockBasedLazyValue.invoke()Ljava/lang/Object; @ 24
Event: 18.594 Thread 0x0000000003287800 Uncommon trap: reason=class_check action=maybe_recompile pc=0x0000000003e70340 method=org.jetbrains.kotlin.storage.LockBasedStorageManager$LockBasedLazyValue.invoke()Ljava/lang/Object; @ 24
Event: 19.789 Thread 0x0000000003287800 Uncommon trap: reason=unstable_if action=reinterpret pc=0x000000000364d3ac method=org.jetbrains.org.objectweb.asm.ClassReader.<init>([BIZ)V @ 23
Event: 20.394 Thread 0x0000000003287800 Uncommon trap: reason=bimorphic action=maybe_recompile pc=0x0000000003785940 method=org.jetbrains.kotlin.types.FlexibleType.getConstructor()Lorg/jetbrains/kotlin/types/TypeConstructor; @ 4
Event: 20.457 Thread 0x0000000003287800 Uncommon trap: reason=class_check action=maybe_recompile pc=0x0000000003c08e6c method=java.lang.Character.codePointAt(Ljava/lang/CharSequence;I)I @ 2
Event: 20.457 Thread 0x0000000003287800 Uncommon trap: reason=class_check action=maybe_recompile pc=0x0000000003c08e6c method=java.lang.Character.codePointAt(Ljava/lang/CharSequence;I)I @ 2

Classes redefined (0 events):
No events

Internal exceptions (10 events):
Event: 6.441 Thread 0x0000000003287800 Exception <a 'java/lang/NoSuchMethodError': java.lang.Object.lambda$static$0()J> (0x00000000e2ef8be8) thrown at [D:\src\AOSP-openjdk-cygwin\jdk8u\hotspot\src\share\vm\interpreter\linkResolver.cpp, line 620]
Event: 7.848 Thread 0x0000000003287800 Exception <a 'java/lang/NoSuchMethodError': java.lang.Object.lambda$static$0(I)[Lorg/jetbrains/kotlin/com/intellij/openapi/editor/event/DocumentListener;> (0x00000000e1eb7998) thrown at [D:\src\AOSP-openjdk-cygwin\jdk8u\hotspot\src\share\vm\interpreter\li
Event: 7.953 Thread 0x0000000003287800 Exception <a 'java/lang/NoSuchMethodError': java.lang.Object.lambda$static$0(I)[Lorg/jetbrains/kotlin/com/intellij/psi/PsiAnnotation;> (0x00000000e20bb660) thrown at [D:\src\AOSP-openjdk-cygwin\jdk8u\hotspot\src\share\vm\interpreter\linkResolver.cpp, line
Event: 8.168 Thread 0x0000000003287800 Exception <a 'java/lang/NoSuchMethodError': java.lang.Object.lambda$static$0(I)[Lorg/jetbrains/kotlin/com/intellij/psi/PsiElement;> (0x00000000e25ee320) thrown at [D:\src\AOSP-openjdk-cygwin\jdk8u\hotspot\src\share\vm\interpreter\linkResolver.cpp, line 62
Event: 12.704 Thread 0x0000000003287800 Exception <a 'java/lang/ArrayIndexOutOfBoundsException': 126> (0x00000000e3106190) thrown at [D:\src\AOSP-openjdk-cygwin\jdk8u\hotspot\src\share\vm\interpreter\interpreterRuntime.cpp, line 368]
Event: 12.704 Thread 0x0000000003287800 Exception <a 'java/lang/ArrayIndexOutOfBoundsException': 86> (0x00000000e3107618) thrown at [D:\src\AOSP-openjdk-cygwin\jdk8u\hotspot\src\share\vm\interpreter\interpreterRuntime.cpp, line 368]
Event: 13.715 Thread 0x0000000003287800 Exception <a 'java/lang/NoSuchMethodError': java.lang.Object.lambda$static$0(I)[Lorg/jetbrains/kotlin/psi/KtExpression;> (0x00000000e1e41d18) thrown at [D:\src\AOSP-openjdk-cygwin\jdk8u\hotspot\src\share\vm\interpreter\linkResolver.cpp, line 620]
Event: 14.093 Thread 0x0000000003287800 Exception <a 'java/lang/NoSuchMethodError': java.lang.Object.lambda$static$0(I)[Lorg/jetbrains/kotlin/psi/KtDeclaration;> (0x00000000e1cbedd8) thrown at [D:\src\AOSP-openjdk-cygwin\jdk8u\hotspot\src\share\vm\interpreter\linkResolver.cpp, line 620]
Event: 14.330 Thread 0x0000000003287800 Exception <a 'java/lang/NoSuchMethodError': java.lang.Object.lambda$static$0(I)[Lorg/jetbrains/kotlin/psi/KtTypeElement;> (0x00000000e2510518) thrown at [D:\src\AOSP-openjdk-cygwin\jdk8u\hotspot\src\share\vm\interpreter\linkResolver.cpp, line 620]
Event: 15.326 Thread 0x0000000003287800 Exception <a 'java/lang/NoSuchMethodError': java.lang.Object.lambda$static$0(I)[Lorg/jetbrains/kotlin/com/intellij/psi/PsiClass;> (0x00000000e4742320) thrown at [D:\src\AOSP-openjdk-cygwin\jdk8u\hotspot\src\share\vm\interpreter\linkResolver.cpp, line 620]

Events (10 events):
Event: 20.456 loading class org/jetbrains/kotlin/descriptors/FunctionDescriptor
Event: 20.456 loading class org/jetbrains/kotlin/descriptors/FunctionDescriptor done
Event: 20.456 loading class kotlin/jvm/functions/Function1
Event: 20.456 loading class kotlin/jvm/functions/Function1 done
Event: 20.457 Thread 0x0000000003287800 Uncommon trap: trap_request=0xffffffde fr.pc=0x0000000003c08e6c
Event: 20.457 Thread 0x0000000003287800 DEOPT PACKING pc=0x0000000003c08e6c sp=0x000000000327ae30
Event: 20.457 Thread 0x0000000003287800 DEOPT UNPACKING pc=0x00000000033c557b sp=0x000000000327add0 mode 2
Event: 20.457 Thread 0x0000000003287800 Uncommon trap: trap_request=0xffffffde fr.pc=0x0000000003c08e6c
Event: 20.457 Thread 0x0000000003287800 DEOPT PACKING pc=0x0000000003c08e6c sp=0x000000000327ae30
Event: 20.457 Thread 0x0000000003287800 DEOPT UNPACKING pc=0x00000000033c557b sp=0x000000000327add0 mode 2


Dynamic libraries:
0x00007ff79a270000 - 0x00007ff79a2a1000 	C:\Program Files\Android\Android Studio\jre\jre\bin\java.exe
0x00007ff8500a0000 - 0x00007ff850290000 	C:\WINDOWS\SYSTEM32\ntdll.dll
0x00007ff84fc60000 - 0x00007ff84fd12000 	C:\WINDOWS\System32\KERNEL32.DLL
0x00007ff84d2e0000 - 0x00007ff84d583000 	C:\WINDOWS\System32\KERNELBASE.dll
0x00007ff84ee10000 - 0x00007ff84eeb3000 	C:\WINDOWS\System32\ADVAPI32.dll
0x00007ff84e220000 - 0x00007ff84e2be000 	C:\WINDOWS\System32\msvcrt.dll
0x00007ff84ed70000 - 0x00007ff84ee07000 	C:\WINDOWS\System32\sechost.dll
0x00007ff84ff40000 - 0x00007ff850060000 	C:\WINDOWS\System32\RPCRT4.dll
0x00007ff84fda0000 - 0x00007ff84ff34000 	C:\WINDOWS\System32\USER32.dll
0x00007ff84d090000 - 0x00007ff84d0b1000 	C:\WINDOWS\System32\win32u.dll
0x00007ff84f9e0000 - 0x00007ff84fa06000 	C:\WINDOWS\System32\GDI32.dll
0x00007ff84dd60000 - 0x00007ff84def4000 	C:\WINDOWS\System32\gdi32full.dll
0x00007ff84d210000 - 0x00007ff84d2ae000 	C:\WINDOWS\System32\msvcp_win.dll
0x00007ff84e0b0000 - 0x00007ff84e1aa000 	C:\WINDOWS\System32\ucrtbase.dll
0x00007ff83e760000 - 0x00007ff83e9e5000 	C:\WINDOWS\WinSxS\amd64_microsoft.windows.common-controls_6595b64144ccf1df_6.0.18362.535_none_e6c3b34713100821\COMCTL32.dll
0x00007ff84f6a0000 - 0x00007ff84f9d6000 	C:\WINDOWS\System32\combase.dll
0x00007ff84df60000 - 0x00007ff84dfe0000 	C:\WINDOWS\System32\bcryptPrimitives.dll
0x00007ff84fb00000 - 0x00007ff84fb2e000 	C:\WINDOWS\System32\IMM32.DLL
0x0000000071e80000 - 0x0000000071f52000 	C:\Program Files\Android\Android Studio\jre\jre\bin\msvcr100.dll
0x0000000071f60000 - 0x00000000727a6000 	C:\Program Files\Android\Android Studio\jre\jre\bin\server\jvm.dll
0x00007ff84eec0000 - 0x00007ff84eec8000 	C:\WINDOWS\System32\PSAPI.DLL
0x00007ff847990000 - 0x00007ff847999000 	C:\WINDOWS\SYSTEM32\WSOCK32.dll
0x00007ff84b020000 - 0x00007ff84b044000 	C:\WINDOWS\SYSTEM32\WINMM.dll
0x00007ff84e1b0000 - 0x00007ff84e21f000 	C:\WINDOWS\System32\WS2_32.dll
0x00007ff840340000 - 0x00007ff84034a000 	C:\WINDOWS\SYSTEM32\VERSION.dll
0x00007ff84aff0000 - 0x00007ff84b01d000 	C:\WINDOWS\SYSTEM32\winmmbase.dll
0x00007ff84d590000 - 0x00007ff84d5da000 	C:\WINDOWS\System32\cfgmgr32.dll
0x00007ff846960000 - 0x00007ff84696f000 	C:\Program Files\Android\Android Studio\jre\jre\bin\verify.dll
0x00007ff846830000 - 0x00007ff846859000 	C:\Program Files\Android\Android Studio\jre\jre\bin\java.dll
0x00007ff846810000 - 0x00007ff846826000 	C:\Program Files\Android\Android Studio\jre\jre\bin\zip.dll
0x00007ff84efb0000 - 0x00007ff84f695000 	C:\WINDOWS\System32\SHELL32.dll
0x00007ff84ea40000 - 0x00007ff84eae9000 	C:\WINDOWS\System32\shcore.dll
0x00007ff84d5e0000 - 0x00007ff84dd5f000 	C:\WINDOWS\System32\windows.storage.dll
0x00007ff84cfe0000 - 0x00007ff84cfff000 	C:\WINDOWS\System32\profapi.dll
0x00007ff84d020000 - 0x00007ff84d06a000 	C:\WINDOWS\System32\powrprof.dll
0x00007ff84cfd0000 - 0x00007ff84cfe0000 	C:\WINDOWS\System32\UMPDC.dll
0x00007ff84fa30000 - 0x00007ff84fa82000 	C:\WINDOWS\System32\shlwapi.dll
0x00007ff84d070000 - 0x00007ff84d081000 	C:\WINDOWS\System32\kernel.appcore.dll
0x00007ff84dfe0000 - 0x00007ff84dff7000 	C:\WINDOWS\System32\cryptsp.dll
0x00007ff848890000 - 0x00007ff8488aa000 	C:\Program Files\Android\Android Studio\jre\jre\bin\net.dll
0x00007ff84c7e0000 - 0x00007ff84c847000 	C:\WINDOWS\system32\mswsock.dll
0x00007ff848770000 - 0x00007ff848781000 	C:\Program Files\Android\Android Studio\jre\jre\bin\nio.dll

VM Arguments:
java_command: org.jetbrains.kotlin.cli.jvm.K2JVMCompiler -Xallow-no-source-files -classpath C:\Users\Azimus\.gradle\caches\modules-2\files-2.1\org.jetbrains.kotlin\kotlin-android-extensions-runtime\1.3.61\289bdf25b4886749e040c7a7d3aab8a57f85c631\kotlin-android-extensions-runtime-1.3.61.jar;C:\Users\Azimus\.gradle\caches\modules-2\files-2.1\org.jetbrains.kotlin\kotlin-stdlib-jdk7\1.3.61\70dffc5f8ac5ea7c34f30deac5b9d8b1d48af066\kotlin-stdlib-jdk7-1.3.61.jar;C:\Users\Azimus\.gradle\caches\transforms-2\files-2.1\64bdc96c1e47dcd26c3731d02190705c\core-ktx-1.1.0-api.jar;C:\Users\Azimus\.gradle\caches\modules-2\files-2.1\org.jetbrains.kotlin\kotlin-stdlib\1.3.61\4702105e97f7396ae41b113fdbdc180ec1eb1e36\kotlin-stdlib-1.3.61.jar;C:\Users\Azimus\.gradle\caches\modules-2\files-2.1\org.jetbrains.kotlin\kotlin-stdlib-common\1.3.61\65abb71d5afb850b68be03987b08e2c864ca3110\kotlin-stdlib-common-1.3.61.jar;C:\Users\Azimus\.gradle\caches\modules-2\files-2.1\org.jetbrains\annotations\13.0\919f0dfe192fb4e063e7dacadee7f8bb9a2672a9\annotations-13.0.jar;C:\Users\Azimus\.gradle\caches\transforms-2\files-2.1\a1d51d1420a7b8df1a8ccfc173003e63\material-1.0.0-api.jar;C:\Users\Azimus\.gradle\caches\transforms-2\files-2.1\af5667106e0e7a92fcb535ed1ee863bb\lottie-3.3.1-api.jar;C:\Users\Azimus\.gradle\caches\transforms-2\files-2.1\8ec246e1ad6bee47d9d3e76c54f0c68d\appcompat-1.1.0-api.jar;C:\Users\Azimus\.gradle\caches\transforms-2\files-2.1\1b0de67e86ee83de83c8d34f4de9b3a2\glide-4.10.0-api.jar;C:\Users\Azimus\.gradle\caches\transforms-2\files-2.1\29b4d462fbe5bfdf17f111f6409ebe0e\lifecycle-extensions-2.1.0-api.jar;C:\Users\Azimus\.gradle\caches\transforms-2\files-2.1\400e6bef6948d7c911ea2e9ce1ecad22\fragment-1.1.0-api.jar;C:\Users\Azimus\.gradle\caches\transforms-2\files-2.1\3215133f2ed9f3f184dca7ebc990e00e\appcompat-resources-1.1.0-api.jar;C:\Users\Azimus\.gradle\caches\transforms-2\files-2.1\3c346c2e42a94eb4a64a648b0ed2f155\recyclerview-1.0.0-api.jar;C:\Users\Azimus\.gradle\caches\transforms-2\file
java_class_path (initial): C:\Users\Azimus\.gradle\caches\modules-2\files-2.1\org.jetbrains.kotlin\kotlin-compiler-embeddable\1.3.61\c35c0833d5a1e3d229359758482c480306724618\kotlin-compiler-embeddable-1.3.61.jar;C:\Users\Azimus\.gradle\caches\modules-2\files-2.1\org.jetbrains.kotlin\kotlin-reflect\1.3.61\2e07c9a84c9e118efb70eede7e579fd663932122\kotlin-reflect-1.3.61.jar;C:\Users\Azimus\.gradle\caches\modules-2\files-2.1\org.jetbrains.kotlin\kotlin-stdlib\1.3.61\4702105e97f7396ae41b113fdbdc180ec1eb1e36\kotlin-stdlib-1.3.61.jar;C:\Users\Azimus\.gradle\caches\modules-2\files-2.1\org.jetbrains.kotlin\kotlin-script-runtime\1.3.61\e5feb39c8de63dcbdc1154b34ca4413874231605\kotlin-script-runtime-1.3.61.jar;C:\Users\Azimus\.gradle\caches\modules-2\files-2.1\org.jetbrains.kotlin\kotlin-daemon-embeddable\1.3.61\4de83e41a92c8395d89ab2e81d26b788ba163824\kotlin-daemon-embeddable-1.3.61.jar;C:\Users\Azimus\.gradle\caches\modules-2\files-2.1\org.jetbrains.intellij.deps\trove4j\1.0.20181211\216c2e14b070f334479d800987affe4054cd563f\trove4j-1.0.20181211.jar;C:\Users\Azimus\.gradle\caches\modules-2\files-2.1\org.jetbrains.kotlin\kotlin-stdlib-common\1.3.61\65abb71d5afb850b68be03987b08e2c864ca3110\kotlin-stdlib-common-1.3.61.jar;C:\Users\Azimus\.gradle\caches\modules-2\files-2.1\org.jetbrains\annotations\13.0\919f0dfe192fb4e063e7dacadee7f8bb9a2672a9\annotations-13.0.jar;C:\Program Files\Android\Android Studio\jre\lib\tools.jar
Launcher Type: SUN_STANDARD

Environment Variables:
PATH=C:\WINDOWS\system32;C:\WINDOWS;C:\WINDOWS\System32\Wbem;C:\WINDOWS\System32\WindowsPowerShell\v1.0\;C:\Program Files\Git\cmd;C:\WINDOWS\System32\OpenSSH\;C:\Users\Azimus\AppData\Local\Microsoft\WindowsApps;
USERNAME=Azimus
OS=Windows_NT
PROCESSOR_IDENTIFIER=Intel64 Family 6 Model 37 Stepping 5, GenuineIntel



---------------  S Y S T E M  ---------------

OS: Windows 10.0 , 64 bit Build 18362 (10.0.18362.329)

CPU:total 4 (initial active 4) (2 cores per cpu, 2 threads per core) family 6 model 37 stepping 5, cmov, cx8, fxsr, mmx, sse, sse2, sse3, ssse3, sse4.1, sse4.2, popcnt, ht, tsc, tscinvbit

Memory: 4k page, physical 5945440k(209580k free), swap 6207584k(5128k free)

vm_info: OpenJDK 64-Bit Server VM (25.202-b03) for windows-amd64 JRE (1.8.0_202-release-1483-b03), built by "builder" with MS VC++ 10.0 (VS2010)

time: Fri Dec 20 14:21:57 2019
timezone: Центральная Азия (зима)
elapsed time: 20 seconds (0d 0h 0m 20s)

