#
# There is insufficient memory for the Java Runtime Environment to continue.
# Native memory allocation (malloc) failed to allocate 1445264 bytes for Chunk::new
# Possible reasons:
#   The system is out of physical RAM or swap space
#   The process is running with CompressedOops enabled, and the Java Heap may be blocking the growth of the native heap
# Possible solutions:
#   Reduce memory load on the system
#   Increase physical memory or swap space
#   Check if swap backing store is full
#   Decrease Java heap size (-Xmx/-Xms)
#   Decrease number of Java threads
#   Decrease Java thread stack sizes (-Xss)
#   Set larger code cache with -XX:ReservedCodeCacheSize=
#   JVM is running with Unscaled Compressed Oops mode in which the Java heap is
#     placed in the first 4GB address space. The Java Heap base address is the
#     maximum limit for the native heap growth. Please use -XX:HeapBaseMinAddress
#     to set the Java Heap base and to place the Java Heap above 4GB virtual address.
# This output file may be truncated or incomplete.
#
#  Out of Memory Error (allocation.cpp:389), pid=4876, tid=0x0000000000001548
#
# JRE version: OpenJDK Runtime Environment (8.0_202-b03) (build 1.8.0_202-release-1483-b03)
# Java VM: OpenJDK 64-Bit Server VM (25.202-b03 mixed mode windows-amd64 compressed oops)
# Failed to write core dump. Minidumps are not enabled by default on client versions of Windows
#

---------------  T H R E A D  ---------------

Current thread (0x000000001606f000):  JavaThread "C2 CompilerThread1" daemon [_thread_in_native, id=5448, stack(0x00000000177c0000,0x00000000178c0000)]

Stack: [0x00000000177c0000,0x00000000178c0000]
[error occurred during error reporting (printing stack bounds), id 0xc0000005]

Native frames: (J=compiled Java code, j=interpreted, Vv=VM code, C=native code)


Current CompileTask:
C2:   3444 1557       4       java.net.URLClassLoader$1::run (5 bytes)


---------------  P R O C E S S  ---------------

Java Threads: ( => current thread )
  0x0000000017a03800 JavaThread "Service Thread" daemon [_thread_blocked, id=6708, stack(0x0000000017dc0000,0x0000000017ec0000)]
  0x0000000016080800 JavaThread "C1 CompilerThread2" daemon [_thread_blocked, id=4540, stack(0x00000000178c0000,0x00000000179c0000)]
=>0x000000001606f000 JavaThread "C2 CompilerThread1" daemon [_thread_in_native, id=5448, stack(0x00000000177c0000,0x00000000178c0000)]
  0x0000000016068800 JavaThread "C2 CompilerThread0" daemon [_thread_in_native, id=2176, stack(0x00000000176c0000,0x00000000177c0000)]
  0x0000000016067000 JavaThread "Attach Listener" daemon [_thread_blocked, id=2308, stack(0x00000000175c0000,0x00000000176c0000)]
  0x0000000016066000 JavaThread "Signal Dispatcher" daemon [_thread_blocked, id=3488, stack(0x00000000174c0000,0x00000000175c0000)]
  0x00000000029eb800 JavaThread "Finalizer" daemon [_thread_blocked, id=3588, stack(0x00000000172c0000,0x00000000173c0000)]
  0x00000000029e6800 JavaThread "Reference Handler" daemon [_thread_blocked, id=3752, stack(0x00000000171c0000,0x00000000172c0000)]
  0x00000000028f6800 JavaThread "main" [_thread_in_Java, id=3712, stack(0x00000000027f0000,0x00000000028f0000)]

Other Threads:
  0x0000000016025000 VMThread [stack: 0x00000000170c0000,0x00000000171c0000] [id=1692]
  0x0000000017a05000 WatcherThread [stack: 0x0000000017ec0000,0x0000000017fc0000] [id=6472]

VM state:not at safepoint (normal execution)

VM Mutex/Monitor currently owned by a thread: None

heap address: 0x00000000a5400000, size: 1452 MB, Compressed Oops mode: 32-bit
Narrow klass base: 0x0000000000000000, Narrow klass shift: 3
Compressed class space size: 1073741824 Address: 0x0000000100000000

Heap:
 PSYoungGen      total 51712K, used 29404K [0x00000000e1c00000, 0x00000000e5200000, 0x0000000100000000)
  eden space 48128K, 61% used [0x00000000e1c00000,0x00000000e38b7238,0x00000000e4b00000)
  from space 3584K, 0% used [0x00000000e4b00000,0x00000000e4b00000,0x00000000e4e80000)
  to   space 3584K, 0% used [0x00000000e4e80000,0x00000000e4e80000,0x00000000e5200000)
 ParOldGen       total 60928K, used 12028K [0x00000000a5400000, 0x00000000a8f80000, 0x00000000e1c00000)
  object space 60928K, 19% used [0x00000000a5400000,0x00000000a5fbf288,0x00000000a8f80000)
 Metaspace       used 23656K, capacity 24098K, committed 24320K, reserved 1071104K
  class space    used 2848K, capacity 2988K, committed 3072K, reserved 1048576K

Card table byte_map: [0x0000000011db0000,0x0000000012090000] byte_map_base: 0x0000000011886000

Marking Bits: (ParMarkBitMap*) 0x0000000053dd9f30
 Begin Bits: [0x0000000012680000, 0x0000000013d30000)
 End Bits:   [0x0000000013d30000, 0x00000000153e0000)

Polling page: 0x00000000009f0000

CodeCache: size=245760Kb used=5268Kb max_used=5285Kb free=240491Kb
 bounds [0x00000000029f0000, 0x0000000002f20000, 0x00000000119f0000]
 total_blobs=2170 nmethods=1760 adapters=324
 compilation: enabled

Compilation events (10 events):
Event: 3.300 Thread 0x0000000016080800 nmethod 1765 0x0000000002f11250 code [0x0000000002f113c0, 0x0000000002f11670]
Event: 3.304 Thread 0x0000000016080800 1766       3       org.jetbrains.kotlin.name.FqName::asString (16 bytes)
Event: 3.304 Thread 0x0000000016080800 nmethod 1766 0x0000000002f10c90 code [0x0000000002f10e20, 0x0000000002f11138]
Event: 3.304 Thread 0x0000000016080800 1767       3       org.jetbrains.kotlin.name.FqName::toUnsafe (13 bytes)
Event: 3.305 Thread 0x0000000016080800 nmethod 1767 0x0000000002f108d0 code [0x0000000002f10a40, 0x0000000002f10c08]
Event: 3.305 Thread 0x0000000016080800 1768       3       org.jetbrains.kotlin.name.Name::asString (13 bytes)
Event: 3.305 Thread 0x0000000016080800 nmethod 1768 0x0000000002f10510 code [0x0000000002f10680, 0x0000000002f10848]
Event: 3.305 Thread 0x0000000016080800 1769       3       org.jetbrains.kotlin.name.FqName::<init> (26 bytes)
Event: 3.306 Thread 0x0000000016080800 nmethod 1769 0x0000000002f0fd10 code [0x0000000002f0fec0, 0x0000000002f10348]
Event: 3.376 Thread 0x0000000016068800 1770   !   4       sun.misc.URLClassPath$JarLoader::getResource (85 bytes)

GC Heap History (8 events):
Event: 0.923 GC heap before
{Heap before GC invocations=1 (full 0):
 PSYoungGen      total 27648K, used 24064K [0x00000000e1c00000, 0x00000000e3a80000, 0x0000000100000000)
  eden space 24064K, 100% used [0x00000000e1c00000,0x00000000e3380000,0x00000000e3380000)
  from space 3584K, 0% used [0x00000000e3700000,0x00000000e3700000,0x00000000e3a80000)
  to   space 3584K, 0% used [0x00000000e3380000,0x00000000e3380000,0x00000000e3700000)
 ParOldGen       total 62976K, used 0K [0x00000000a5400000, 0x00000000a9180000, 0x00000000e1c00000)
  object space 62976K, 0% used [0x00000000a5400000,0x00000000a5400000,0x00000000a9180000)
 Metaspace       used 8635K, capacity 8940K, committed 9216K, reserved 1056768K
  class space    used 931K, capacity 988K, committed 1024K, reserved 1048576K
Event: 0.933 GC heap after
Heap after GC invocations=1 (full 0):
 PSYoungGen      total 27648K, used 3580K [0x00000000e1c00000, 0x00000000e5200000, 0x0000000100000000)
  eden space 24064K, 0% used [0x00000000e1c00000,0x00000000e1c00000,0x00000000e3380000)
  from space 3584K, 99% used [0x00000000e3380000,0x00000000e36ff230,0x00000000e3700000)
  to   space 3584K, 0% used [0x00000000e4e80000,0x00000000e4e80000,0x00000000e5200000)
 ParOldGen       total 62976K, used 2185K [0x00000000a5400000, 0x00000000a9180000, 0x00000000e1c00000)
  object space 62976K, 3% used [0x00000000a5400000,0x00000000a5622640,0x00000000a9180000)
 Metaspace       used 8635K, capacity 8940K, committed 9216K, reserved 1056768K
  class space    used 931K, capacity 988K, committed 1024K, reserved 1048576K
}
Event: 1.585 GC heap before
{Heap before GC invocations=2 (full 0):
 PSYoungGen      total 27648K, used 27644K [0x00000000e1c00000, 0x00000000e5200000, 0x0000000100000000)
  eden space 24064K, 100% used [0x00000000e1c00000,0x00000000e3380000,0x00000000e3380000)
  from space 3584K, 99% used [0x00000000e3380000,0x00000000e36ff230,0x00000000e3700000)
  to   space 3584K, 0% used [0x00000000e4e80000,0x00000000e4e80000,0x00000000e5200000)
 ParOldGen       total 62976K, used 2185K [0x00000000a5400000, 0x00000000a9180000, 0x00000000e1c00000)
  object space 62976K, 3% used [0x00000000a5400000,0x00000000a5622640,0x00000000a9180000)
 Metaspace       used 11913K, capacity 12146K, committed 12416K, reserved 1060864K
  class space    used 1340K, capacity 1397K, committed 1408K, reserved 1048576K
Event: 1.597 GC heap after
Heap after GC invocations=2 (full 0):
 PSYoungGen      total 51712K, used 3574K [0x00000000e1c00000, 0x00000000e5200000, 0x0000000100000000)
  eden space 48128K, 0% used [0x00000000e1c00000,0x00000000e1c00000,0x00000000e4b00000)
  from space 3584K, 99% used [0x00000000e4e80000,0x00000000e51fda30,0x00000000e5200000)
  to   space 3584K, 0% used [0x00000000e4b00000,0x00000000e4b00000,0x00000000e4e80000)
 ParOldGen       total 62976K, used 5826K [0x00000000a5400000, 0x00000000a9180000, 0x00000000e1c00000)
  object space 62976K, 9% used [0x00000000a5400000,0x00000000a59b0b68,0x00000000a9180000)
 Metaspace       used 11913K, capacity 12146K, committed 12416K, reserved 1060864K
  class space    used 1340K, capacity 1397K, committed 1408K, reserved 1048576K
}
Event: 2.527 GC heap before
{Heap before GC invocations=3 (full 0):
 PSYoungGen      total 51712K, used 39814K [0x00000000e1c00000, 0x00000000e5200000, 0x0000000100000000)
  eden space 48128K, 75% used [0x00000000e1c00000,0x00000000e3f64070,0x00000000e4b00000)
  from space 3584K, 99% used [0x00000000e4e80000,0x00000000e51fda30,0x00000000e5200000)
  to   space 3584K, 0% used [0x00000000e4b00000,0x00000000e4b00000,0x00000000e4e80000)
 ParOldGen       total 62976K, used 5826K [0x00000000a5400000, 0x00000000a9180000, 0x00000000e1c00000)
  object space 62976K, 9% used [0x00000000a5400000,0x00000000a59b0b68,0x00000000a9180000)
 Metaspace       used 20735K, capacity 21128K, committed 21296K, reserved 1069056K
  class space    used 2460K, capacity 2623K, committed 2688K, reserved 1048576K
Event: 2.547 GC heap after
Heap after GC invocations=3 (full 0):
 PSYoungGen      total 51712K, used 3558K [0x00000000e1c00000, 0x00000000e5200000, 0x0000000100000000)
  eden space 48128K, 0% used [0x00000000e1c00000,0x00000000e1c00000,0x00000000e4b00000)
  from space 3584K, 99% used [0x00000000e4b00000,0x00000000e4e79a40,0x00000000e4e80000)
  to   space 3584K, 0% used [0x00000000e4e80000,0x00000000e4e80000,0x00000000e5200000)
 ParOldGen       total 62976K, used 14009K [0x00000000a5400000, 0x00000000a9180000, 0x00000000e1c00000)
  object space 62976K, 22% used [0x00000000a5400000,0x00000000a61ae6e0,0x00000000a9180000)
 Metaspace       used 20735K, capacity 21128K, committed 21296K, reserved 1069056K
  class space    used 2460K, capacity 2623K, committed 2688K, reserved 1048576K
}
Event: 2.547 GC heap before
{Heap before GC invocations=4 (full 1):
 PSYoungGen      total 51712K, used 3558K [0x00000000e1c00000, 0x00000000e5200000, 0x0000000100000000)
  eden space 48128K, 0% used [0x00000000e1c00000,0x00000000e1c00000,0x00000000e4b00000)
  from space 3584K, 99% used [0x00000000e4b00000,0x00000000e4e79a40,0x00000000e4e80000)
  to   space 3584K, 0% used [0x00000000e4e80000,0x00000000e4e80000,0x00000000e5200000)
 ParOldGen       total 62976K, used 14009K [0x00000000a5400000, 0x00000000a9180000, 0x00000000e1c00000)
  object space 62976K, 22% used [0x00000000a5400000,0x00000000a61ae6e0,0x00000000a9180000)
 Metaspace       used 20735K, capacity 21128K, committed 21296K, reserved 1069056K
  class space    used 2460K, capacity 2623K, committed 2688K, reserved 1048576K
Event: 2.620 GC heap after
Heap after GC invocations=4 (full 1):
 PSYoungGen      total 51712K, used 0K [0x00000000e1c00000, 0x00000000e5200000, 0x0000000100000000)
  eden space 48128K, 0% used [0x00000000e1c00000,0x00000000e1c00000,0x00000000e4b00000)
  from space 3584K, 0% used [0x00000000e4b00000,0x00000000e4b00000,0x00000000e4e80000)
  to   space 3584K, 0% used [0x00000000e4e80000,0x00000000e4e80000,0x00000000e5200000)
 ParOldGen       total 60928K, used 12028K [0x00000000a5400000, 0x00000000a8f80000, 0x00000000e1c00000)
  object space 60928K, 19% used [0x00000000a5400000,0x00000000a5fbf288,0x00000000a8f80000)
 Metaspace       used 20735K, capacity 21128K, committed 21296K, reserved 1069056K
  class space    used 2460K, capacity 2623K, committed 2688K, reserved 1048576K
}

Deoptimization events (10 events):
Event: 2.521 Thread 0x00000000028f6800 Uncommon trap: reason=unstable_if action=reinterpret pc=0x0000000002c19c98 method=sun.misc.MetaIndex.mayContain(Ljava/lang/String;)Z @ 38
Event: 2.804 Thread 0x00000000028f6800 Uncommon trap: reason=unstable_if action=reinterpret pc=0x0000000002d78358 method=java.lang.String.<init>([CII)V @ 18
Event: 3.158 Thread 0x00000000028f6800 Uncommon trap: reason=class_check action=maybe_recompile pc=0x0000000002eef4e0 method=gnu.trove.TObjectHash.computeHashCode(Ljava/lang/Object;)I @ 5
Event: 3.158 Thread 0x00000000028f6800 Uncommon trap: reason=class_check action=maybe_recompile pc=0x0000000002eef4e0 method=gnu.trove.TObjectHash.computeHashCode(Ljava/lang/Object;)I @ 5
Event: 3.158 Thread 0x00000000028f6800 Uncommon trap: reason=class_check action=maybe_recompile pc=0x0000000002eef4e0 method=gnu.trove.TObjectHash.computeHashCode(Ljava/lang/Object;)I @ 5
Event: 3.158 Thread 0x00000000028f6800 Uncommon trap: reason=class_check action=maybe_recompile pc=0x0000000002eef4e0 method=gnu.trove.TObjectHash.computeHashCode(Ljava/lang/Object;)I @ 5
Event: 3.158 Thread 0x00000000028f6800 Uncommon trap: reason=class_check action=maybe_recompile pc=0x0000000002eef7c8 method=gnu.trove.TObjectHash.equals(Ljava/lang/Object;Ljava/lang/Object;)Z @ 6
Event: 3.159 Thread 0x00000000028f6800 Uncommon trap: reason=class_check action=maybe_recompile pc=0x0000000002eef7c8 method=gnu.trove.TObjectHash.equals(Ljava/lang/Object;Ljava/lang/Object;)Z @ 6
Event: 3.159 Thread 0x00000000028f6800 Uncommon trap: reason=class_check action=maybe_recompile pc=0x0000000002eef7c8 method=gnu.trove.TObjectHash.equals(Ljava/lang/Object;Ljava/lang/Object;)Z @ 6
Event: 3.159 Thread 0x00000000028f6800 Uncommon trap: reason=class_check action=maybe_recompile pc=0x0000000002eef7c8 method=gnu.trove.TObjectHash.equals(Ljava/lang/Object;Ljava/lang/Object;)Z @ 6

Classes redefined (0 events):
No events

Internal exceptions (10 events):
Event: 0.688 Thread 0x00000000028f6800 Exception <a 'java/security/PrivilegedActionException'> (0x00000000e29b7bb8) thrown at [D:\src\AOSP-openjdk-cygwin\jdk8u\hotspot\src\share\vm\prims\jvm.cpp, line 1508]
Event: 0.688 Thread 0x00000000028f6800 Exception <a 'java/security/PrivilegedActionException'> (0x00000000e29b96a8) thrown at [D:\src\AOSP-openjdk-cygwin\jdk8u\hotspot\src\share\vm\prims\jvm.cpp, line 1508]
Event: 0.688 Thread 0x00000000028f6800 Exception <a 'java/security/PrivilegedActionException'> (0x00000000e29b9aa0) thrown at [D:\src\AOSP-openjdk-cygwin\jdk8u\hotspot\src\share\vm\prims\jvm.cpp, line 1508]
Event: 1.082 Thread 0x00000000028f6800 Exception <a 'java/lang/ArrayIndexOutOfBoundsException'> (0x00000000e1f6ed08) thrown at [D:\src\AOSP-openjdk-cygwin\jdk8u\hotspot\src\share\vm\runtime\sharedRuntime.cpp, line 605]
Event: 1.321 Thread 0x00000000028f6800 Exception <a 'java/lang/ArrayIndexOutOfBoundsException'> (0x00000000e28cf5b0) thrown at [D:\src\AOSP-openjdk-cygwin\jdk8u\hotspot\src\share\vm\runtime\sharedRuntime.cpp, line 605]
Event: 2.003 Thread 0x00000000028f6800 Exception <a 'java/lang/NoSuchMethodError': java.lang.Object.lambda$comparing$77a9974f$1(Ljava/util/function/Function;Ljava/lang/Object;Ljava/lang/Object;)I> (0x00000000e2e828d0) thrown at [D:\src\AOSP-openjdk-cygwin\jdk8u\hotspot\src\share\vm\interpreter
Event: 2.027 Thread 0x00000000028f6800 Exception <a 'java/lang/NoSuchMethodError': java.lang.Object.lambda$static$0()J> (0x00000000e2f7c450) thrown at [D:\src\AOSP-openjdk-cygwin\jdk8u\hotspot\src\share\vm\interpreter\linkResolver.cpp, line 620]
Event: 2.244 Thread 0x00000000028f6800 Exception <a 'java/lang/NoSuchMethodError': java.lang.Object.lambda$static$0(I)[Lorg/jetbrains/kotlin/com/intellij/openapi/editor/event/DocumentListener;> (0x00000000e36ba020) thrown at [D:\src\AOSP-openjdk-cygwin\jdk8u\hotspot\src\share\vm\interpreter\li
Event: 2.356 Thread 0x00000000028f6800 Exception <a 'java/lang/NoSuchMethodError': java.lang.Object.lambda$static$0(I)[Lorg/jetbrains/kotlin/com/intellij/psi/PsiAnnotation;> (0x00000000e38bb740) thrown at [D:\src\AOSP-openjdk-cygwin\jdk8u\hotspot\src\share\vm\interpreter\linkResolver.cpp, line
Event: 2.501 Thread 0x00000000028f6800 Exception <a 'java/lang/NoSuchMethodError': java.lang.Object.lambda$static$0(I)[Lorg/jetbrains/kotlin/com/intellij/psi/PsiElement;> (0x00000000e3dec380) thrown at [D:\src\AOSP-openjdk-cygwin\jdk8u\hotspot\src\share\vm\interpreter\linkResolver.cpp, line 62

Events (10 events):
Event: 3.435 loading class org/jetbrains/kotlin/protobuf/ByteString$ByteIterator
Event: 3.435 loading class org/jetbrains/kotlin/protobuf/ByteString$ByteIterator done
Event: 3.436 loading class org/jetbrains/kotlin/protobuf/BoundedByteString
Event: 3.436 loading class org/jetbrains/kotlin/protobuf/BoundedByteString done
Event: 3.439 loading class org/jetbrains/kotlin/metadata/ProtoBuf$TypeTable
Event: 3.439 loading class org/jetbrains/kotlin/metadata/ProtoBuf$TypeTable done
Event: 3.440 loading class org/jetbrains/kotlin/metadata/ProtoBuf$TypeTableOrBuilder
Event: 3.440 loading class org/jetbrains/kotlin/metadata/ProtoBuf$TypeTableOrBuilder done
Event: 3.441 loading class org/jetbrains/kotlin/metadata/ProtoBuf$TypeTable$1
Event: 3.441 loading class org/jetbrains/kotlin/metadata/ProtoBuf$TypeTable$1 done


Dynamic libraries:
0x00007ff728540000 - 0x00007ff728571000 	C:\Program Files\Android\Android Studio\jre\jre\bin\java.exe
0x00007ffa1ec80000 - 0x00007ffa1ee70000 	C:\WINDOWS\SYSTEM32\ntdll.dll
0x00007ffa1db60000 - 0x00007ffa1dc12000 	C:\WINDOWS\System32\KERNEL32.DLL
0x00007ffa1c4d0000 - 0x00007ffa1c773000 	C:\WINDOWS\System32\KERNELBASE.dll
0x00007ffa1dc90000 - 0x00007ffa1dd33000 	C:\WINDOWS\System32\ADVAPI32.dll
0x00007ffa1dd40000 - 0x00007ffa1ddde000 	C:\WINDOWS\System32\msvcrt.dll
0x00007ffa1e0c0000 - 0x00007ffa1e157000 	C:\WINDOWS\System32\sechost.dll
0x00007ffa1d2d0000 - 0x00007ffa1d3f0000 	C:\WINDOWS\System32\RPCRT4.dll
0x00007ffa1e840000 - 0x00007ffa1e9d4000 	C:\WINDOWS\System32\USER32.dll
0x00007ffa1cc10000 - 0x00007ffa1cc31000 	C:\WINDOWS\System32\win32u.dll
0x00007ffa1dde0000 - 0x00007ffa1de06000 	C:\WINDOWS\System32\GDI32.dll
0x00007ffa1c970000 - 0x00007ffa1cb04000 	C:\WINDOWS\System32\gdi32full.dll
0x00007ffa1c8d0000 - 0x00007ffa1c96e000 	C:\WINDOWS\System32\msvcp_win.dll
0x00007ffa1cb10000 - 0x00007ffa1cc0a000 	C:\WINDOWS\System32\ucrtbase.dll
0x00007ffa0d5a0000 - 0x00007ffa0d825000 	C:\WINDOWS\WinSxS\amd64_microsoft.windows.common-controls_6595b64144ccf1df_6.0.18362.535_none_e6c3b34713100821\COMCTL32.dll
0x00007ffa1cea0000 - 0x00007ffa1d1d6000 	C:\WINDOWS\System32\combase.dll
0x00007ffa1cd90000 - 0x00007ffa1ce10000 	C:\WINDOWS\System32\bcryptPrimitives.dll
0x00007ffa1ce10000 - 0x00007ffa1ce3e000 	C:\WINDOWS\System32\IMM32.DLL
0x0000000053530000 - 0x0000000053602000 	C:\Program Files\Android\Android Studio\jre\jre\bin\msvcr100.dll
0x0000000053610000 - 0x0000000053e56000 	C:\Program Files\Android\Android Studio\jre\jre\bin\server\jvm.dll
0x00007ffa1d2c0000 - 0x00007ffa1d2c8000 	C:\WINDOWS\System32\PSAPI.DLL
0x00007ffa177e0000 - 0x00007ffa177e9000 	C:\WINDOWS\SYSTEM32\WSOCK32.dll
0x00007ffa1dc20000 - 0x00007ffa1dc8f000 	C:\WINDOWS\System32\WS2_32.dll
0x00007ffa19d80000 - 0x00007ffa19da4000 	C:\WINDOWS\SYSTEM32\WINMM.dll
0x00007ffa0eeb0000 - 0x00007ffa0eeba000 	C:\WINDOWS\SYSTEM32\VERSION.dll
0x00007ffa19c50000 - 0x00007ffa19c7d000 	C:\WINDOWS\SYSTEM32\winmmbase.dll
0x00007ffa1c850000 - 0x00007ffa1c89a000 	C:\WINDOWS\System32\cfgmgr32.dll
0x00007ffa177d0000 - 0x00007ffa177df000 	C:\Program Files\Android\Android Studio\jre\jre\bin\verify.dll
0x00007ffa17770000 - 0x00007ffa17799000 	C:\Program Files\Android\Android Studio\jre\jre\bin\java.dll
0x00007ffa177b0000 - 0x00007ffa177c6000 	C:\Program Files\Android\Android Studio\jre\jre\bin\zip.dll
0x00007ffa1d3f0000 - 0x00007ffa1dad5000 	C:\WINDOWS\System32\SHELL32.dll
0x00007ffa1e9e0000 - 0x00007ffa1ea89000 	C:\WINDOWS\System32\shcore.dll
0x00007ffa1bd50000 - 0x00007ffa1c4cf000 	C:\WINDOWS\System32\windows.storage.dll
0x00007ffa1bc40000 - 0x00007ffa1bc5f000 	C:\WINDOWS\System32\profapi.dll
0x00007ffa1bc60000 - 0x00007ffa1bcaa000 	C:\WINDOWS\System32\powrprof.dll
0x00007ffa1bc30000 - 0x00007ffa1bc40000 	C:\WINDOWS\System32\UMPDC.dll
0x00007ffa1e680000 - 0x00007ffa1e6d2000 	C:\WINDOWS\System32\shlwapi.dll
0x00007ffa1bcd0000 - 0x00007ffa1bce1000 	C:\WINDOWS\System32\kernel.appcore.dll
0x00007ffa1c830000 - 0x00007ffa1c847000 	C:\WINDOWS\System32\cryptsp.dll
0x00007ffa17750000 - 0x00007ffa1776a000 	C:\Program Files\Android\Android Studio\jre\jre\bin\net.dll
0x00007ffa1b4a0000 - 0x00007ffa1b507000 	C:\WINDOWS\system32\mswsock.dll
0x00007ffa17200000 - 0x00007ffa17211000 	C:\Program Files\Android\Android Studio\jre\jre\bin\nio.dll

VM Arguments:
java_command: org.jetbrains.kotlin.cli.jvm.K2JVMCompiler -Xallow-no-source-files -classpath C:\Users\Azimus\.gradle\caches\modules-2\files-2.1\org.jetbrains.kotlin\kotlin-android-extensions-runtime\1.3.61\289bdf25b4886749e040c7a7d3aab8a57f85c631\kotlin-android-extensions-runtime-1.3.61.jar;C:\Users\Azimus\.gradle\caches\modules-2\files-2.1\org.jetbrains.kotlin\kotlin-stdlib-jdk7\1.3.61\70dffc5f8ac5ea7c34f30deac5b9d8b1d48af066\kotlin-stdlib-jdk7-1.3.61.jar;C:\Users\Azimus\.gradle\caches\transforms-2\files-2.1\64bdc96c1e47dcd26c3731d02190705c\core-ktx-1.1.0-api.jar;C:\Users\Azimus\.gradle\caches\modules-2\files-2.1\org.jetbrains.kotlin\kotlin-stdlib\1.3.61\4702105e97f7396ae41b113fdbdc180ec1eb1e36\kotlin-stdlib-1.3.61.jar;C:\Users\Azimus\.gradle\caches\modules-2\files-2.1\org.jetbrains.kotlin\kotlin-stdlib-common\1.3.61\65abb71d5afb850b68be03987b08e2c864ca3110\kotlin-stdlib-common-1.3.61.jar;C:\Users\Azimus\.gradle\caches\modules-2\files-2.1\org.jetbrains\annotations\13.0\919f0dfe192fb4e063e7dacadee7f8bb9a2672a9\annotations-13.0.jar;C:\Users\Azimus\.gradle\caches\transforms-2\files-2.1\a1d51d1420a7b8df1a8ccfc173003e63\material-1.0.0-api.jar;C:\Users\Azimus\.gradle\caches\transforms-2\files-2.1\8ec246e1ad6bee47d9d3e76c54f0c68d\appcompat-1.1.0-api.jar;C:\Users\Azimus\.gradle\caches\transforms-2\files-2.1\1b0de67e86ee83de83c8d34f4de9b3a2\glide-4.10.0-api.jar;C:\Users\Azimus\.gradle\caches\transforms-2\files-2.1\29b4d462fbe5bfdf17f111f6409ebe0e\lifecycle-extensions-2.1.0-api.jar;C:\Users\Azimus\.gradle\caches\transforms-2\files-2.1\400e6bef6948d7c911ea2e9ce1ecad22\fragment-1.1.0-api.jar;C:\Users\Azimus\.gradle\caches\transforms-2\files-2.1\3215133f2ed9f3f184dca7ebc990e00e\appcompat-resources-1.1.0-api.jar;C:\Users\Azimus\.gradle\caches\transforms-2\files-2.1\3c346c2e42a94eb4a64a648b0ed2f155\recyclerview-1.0.0-api.jar;C:\Users\Azimus\.gradle\caches\transforms-2\files-2.1\200c973efd01763f55b8ddae6af6cc8d\legacy-support-core-ui-1.0.0-api.jar;C:\Users\Azimus\.gradle\caches\t
java_class_path (initial): C:\Users\Azimus\.gradle\caches\modules-2\files-2.1\org.jetbrains.kotlin\kotlin-compiler-embeddable\1.3.61\c35c0833d5a1e3d229359758482c480306724618\kotlin-compiler-embeddable-1.3.61.jar;C:\Users\Azimus\.gradle\caches\modules-2\files-2.1\org.jetbrains.kotlin\kotlin-reflect\1.3.61\2e07c9a84c9e118efb70eede7e579fd663932122\kotlin-reflect-1.3.61.jar;C:\Users\Azimus\.gradle\caches\modules-2\files-2.1\org.jetbrains.kotlin\kotlin-stdlib\1.3.61\4702105e97f7396ae41b113fdbdc180ec1eb1e36\kotlin-stdlib-1.3.61.jar;C:\Users\Azimus\.gradle\caches\modules-2\files-2.1\org.jetbrains.kotlin\kotlin-script-runtime\1.3.61\e5feb39c8de63dcbdc1154b34ca4413874231605\kotlin-script-runtime-1.3.61.jar;C:\Users\Azimus\.gradle\caches\modules-2\files-2.1\org.jetbrains.kotlin\kotlin-daemon-embeddable\1.3.61\4de83e41a92c8395d89ab2e81d26b788ba163824\kotlin-daemon-embeddable-1.3.61.jar;C:\Users\Azimus\.gradle\caches\modules-2\files-2.1\org.jetbrains.intellij.deps\trove4j\1.0.20181211\216c2e14b070f334479d800987affe4054cd563f\trove4j-1.0.20181211.jar;C:\Users\Azimus\.gradle\caches\modules-2\files-2.1\org.jetbrains.kotlin\kotlin-stdlib-common\1.3.61\65abb71d5afb850b68be03987b08e2c864ca3110\kotlin-stdlib-common-1.3.61.jar;C:\Users\Azimus\.gradle\caches\modules-2\files-2.1\org.jetbrains\annotations\13.0\919f0dfe192fb4e063e7dacadee7f8bb9a2672a9\annotations-13.0.jar;C:\Program Files\Android\Android Studio\jre\lib\tools.jar
Launcher Type: SUN_STANDARD

Environment Variables:
PATH=C:\WINDOWS\system32;C:\WINDOWS;C:\WINDOWS\System32\Wbem;C:\WINDOWS\System32\WindowsPowerShell\v1.0\;C:\Program Files\Git\cmd;C:\WINDOWS\System32\OpenSSH\;C:\Users\Azimus\AppData\Local\Microsoft\WindowsApps;
USERNAME=Azimus
OS=Windows_NT
PROCESSOR_IDENTIFIER=Intel64 Family 6 Model 37 Stepping 5, GenuineIntel



---------------  S Y S T E M  ---------------

OS: Windows 10.0 , 64 bit Build 18362 (10.0.18362.329)

CPU:total 4 (initial active 4) (2 cores per cpu, 2 threads per core) family 6 model 37 stepping 5, cmov, cx8, fxsr, mmx, sse, sse2, sse3, ssse3, sse4.1, sse4.2, popcnt, ht, tsc, tscinvbit

Memory: 4k page, physical 5945440k(270232k free), swap 6207584k(5656k free)

vm_info: OpenJDK 64-Bit Server VM (25.202-b03) for windows-amd64 JRE (1.8.0_202-release-1483-b03), built by "builder" with MS VC++ 10.0 (VS2010)

time: Thu Dec 19 21:02:44 2019
timezone: Центральная Азия (зима)
elapsed time: 3 seconds (0d 0h 0m 3s)

